<?xml version="1.0" encoding="UTF-8"?>
<!-- Generated by org.testng.reporters.JUnitReportReporter -->
<testsuite skipped="0" hostname="PC" name="Test.ComplexJson" tests="3" failures="0" timestamp="14 Apr 2020 03:40:57 GMT" time="12.265" errors="0">
  <testcase name="Test" time="8.277" classname="Test.ComplexJson"/>
  <testcase name="Test" time="1.877" classname="Test.ComplexJson"/>
  <testcase name="Test" time="2.111" classname="Test.ComplexJson"/>
</testsuite> <!-- Test.ComplexJson -->
