<?xml version="1.0" encoding="UTF-8"?>
<!-- Generated by org.testng.reporters.JUnitReportReporter -->
<testsuite skipped="0" hostname="PC" name="Test.StaticJson" tests="1" failures="0" timestamp="23 Apr 2020 06:47:29 GMT" time="10.137" errors="0">
  <testcase name="Test" time="10.137" classname="Test.StaticJson"/>
</testsuite> <!-- Test.StaticJson -->
